0 info it worked if it ends with ok
1 verbose cli [ 'C:\\Program Files\\nodejs\\node.exe',
1 verbose cli   'C:\\Users\\-\\AppData\\Roaming\\npm\\node_modules\\npm\\bin\\npm-cli.js',
1 verbose cli   'start' ]
2 info using npm@3.10.8
3 info using node@v6.7.0
4 verbose run-script [ 'prestart', 'start', 'poststart' ]
5 info lifecycle customers@1.0.0~prestart: customers@1.0.0
6 silly lifecycle customers@1.0.0~prestart: no script for prestart, continuing
7 info lifecycle customers@1.0.0~start: customers@1.0.0
8 verbose lifecycle customers@1.0.0~start: unsafe-perm in lifecycle true
9 verbose lifecycle customers@1.0.0~start: PATH: C:\Users\-\AppData\Roaming\npm\node_modules\npm\bin\node-gyp-bin;E:\Git\monopoly-react\node_modules\.bin;C:\ProgramData\Oracle\Java\javapath;C:\Program Files (x86)\Intel\iCLS Client\;C:\Program Files\Intel\iCLS Client\;C:\Windows\system32;C:\Windows;C:\Windows\System32\Wbem;C:\Windows\System32\WindowsPowerShell\v1.0\;C:\Program Files\Intel\Intel(R) Management Engine Components\DAL;C:\Program Files\Intel\Intel(R) Management Engine Components\IPT;C:\Program Files (x86)\Intel\Intel(R) Management Engine Components\DAL;C:\Program Files (x86)\Intel\Intel(R) Management Engine Components\IPT;C:\Program Files (x86)\Intel\OpenCL SDK\2.0\bin\x86;C:\Program Files (x86)\Intel\OpenCL SDK\2.0\bin\x64;C:\Program Files (x86)\Microsoft SQL Server\100\Tools\Binn\;C:\Program Files\Microsoft SQL Server\100\Tools\Binn\;C:\Program Files\Microsoft SQL Server\100\DTS\Binn\; C:\Program Files\Java\jre1.8.0_91\bin\;C:\Program Files\Git\cmd;C:\Program Files\nodejs\;E:\Skype\Phone\;C:\Users\-\AppData\Roaming\npm;C:\Users\-\AppData\Local\atom\bin
10 verbose lifecycle customers@1.0.0~start: CWD: E:\Git\monopoly-react
11 silly lifecycle customers@1.0.0~start: Args: [ '/d /s /c',
11 silly lifecycle   'webpack-dev-server --hot --inline --module-bind \'css=style!css\'' ]
12 silly lifecycle customers@1.0.0~start: Returned: code: 3221225786  signal: null
13 info lifecycle customers@1.0.0~start: Failed to exec start script
14 verbose stack Error: customers@1.0.0 start: `webpack-dev-server --hot --inline --module-bind 'css=style!css'`
14 verbose stack Exit status 3221225786
14 verbose stack     at EventEmitter.<anonymous> (C:\Users\-\AppData\Roaming\npm\node_modules\npm\lib\utils\lifecycle.js:255:16)
14 verbose stack     at emitTwo (events.js:106:13)
14 verbose stack     at EventEmitter.emit (events.js:191:7)
14 verbose stack     at ChildProcess.<anonymous> (C:\Users\-\AppData\Roaming\npm\node_modules\npm\lib\utils\spawn.js:40:14)
14 verbose stack     at emitTwo (events.js:106:13)
14 verbose stack     at ChildProcess.emit (events.js:191:7)
14 verbose stack     at maybeClose (internal/child_process.js:877:16)
14 verbose stack     at Process.ChildProcess._handle.onexit (internal/child_process.js:226:5)
15 verbose pkgid customers@1.0.0
16 verbose cwd E:\Git\monopoly-react
17 error Windows_NT 6.1.7601
18 error argv "C:\\Program Files\\nodejs\\node.exe" "C:\\Users\\-\\AppData\\Roaming\\npm\\node_modules\\npm\\bin\\npm-cli.js" "start"
19 error node v6.7.0
20 error npm  v3.10.8
21 error code ELIFECYCLE
22 error customers@1.0.0 start: `webpack-dev-server --hot --inline --module-bind 'css=style!css'`
22 error Exit status 3221225786
23 error Failed at the customers@1.0.0 start script 'webpack-dev-server --hot --inline --module-bind 'css=style!css''.
23 error Make sure you have the latest version of node.js and npm installed.
23 error If you do, this is most likely a problem with the customers package,
23 error not with npm itself.
23 error Tell the author that this fails on your system:
23 error     webpack-dev-server --hot --inline --module-bind 'css=style!css'
23 error You can get information on how to open an issue for this project with:
23 error     npm bugs customers
23 error Or if that isn't available, you can get their info via:
23 error     npm owner ls customers
23 error There is likely additional logging output above.
24 verbose exit [ 1, true ]
